C51 COMPILER V9.54   SMG                                                                   04/03/2022 19:31:05 PAGE 1   


C51 COMPILER V9.54, COMPILATION OF MODULE SMG
OBJECT MODULE PLACED IN smg.OBJ
COMPILER INVOKED BY: H:\keil51\C51\BIN\C51.EXE smg.c OPTIMIZE(8,SPEED) BROWSE DEBUG OBJECTEXTEND TABS(2)

line level    source

   1          #include<reg52.h>
   2          #define GPIO_DIG P0 
   3          #define GPIO_KEY P1
   4          unsigned char code smgduan[17]={0xc0,0xf9,0xa4,0xb0,0x99,0x92,0x82,0xf8, 0x80,0x90};
   5          sbit LSA = P2^2;
   6          sbit LSB = P2^3;
   7          sbit LSC = P2^4; 
   8          unsigned int KeyValue;
   9          
  10          sbit k1=P3^1; 
  11          sbit k2=P3^0; 
  12          sbit k3=P3^2; 
  13          sbit k4=P3^3; 
  14          unsigned int a=0;
  15           unsigned int b;
  16           unsigned int c;
  17           unsigned int d;
  18          void delay(unsigned int i)
  19          {
  20   1       while(i--);
  21   1      }
  22          void smgplay()
  23          {
  24   1      unsigned int i;
  25   1      for(i=0;i<4;i++)
  26   1       { 
  27   2        switch(i)
  28   2       {
  29   3        case(0): LSA=1;LSB=1;LSC=1; GPIO_DIG=~smgduan[d]; break;
  30   3        case(1): LSA=0;LSB=1;LSC=1;GPIO_DIG=~smgduan[c];  break;
  31   3        case(2): LSA=1;LSB=0;LSC=1; GPIO_DIG=~smgduan[b]; break; 
  32   3        case(3): LSA=0;LSB=0;LSC=1;GPIO_DIG=~smgduan[a];  break;
  33   3        
  34   3        }
  35   2          delay(100);
  36   2          P0=0x00;
  37   2       }
  38   1      }
  39          
  40           void keypros() 
  41           {  
  42   1      
  43   1        if(k1==0)  
  44   1         { delay(1000);  
  45   2           if(k1==0)  
  46   2            {a +=1 ;
  47   3            }
  48   2         }
  49   1        else  if(k2==0) 
  50   1         { delay(1000);  
  51   2           if(k2==0)  
  52   2            {a-=1 ;
  53   3            }
  54   2          }
  55   1          else  if(k3==0) 
C51 COMPILER V9.54   SMG                                                                   04/03/2022 19:31:05 PAGE 2   

  56   1         { delay(1000);  
  57   2           if(k3==0)  
  58   2            {a=0;
  59   3          b=0 ;
  60   3           c=0 ;
  61   3            d=0 ;
  62   3            }
  63   2          }
  64   1          else if(k4==0) 
  65   1         { delay(1000);  
  66   2           if(k4==0)  
  67   2            { a+=KeyValue;
  68   3            }
  69   2          }
  70   1            while(!k1);
  71   1            while(!k2);
  72   1              while(!k3);
  73   1              while(!k4);
  74   1          }
  75          
  76          
  77          void KeyDown(void)
  78          { char i =0;
  79   1      GPIO_KEY=0x0f; 
  80   1       if(GPIO_KEY!=0x0f)
  81   1         { 
  82   2            if(GPIO_KEY!=0x0f)
  83   2              { GPIO_KEY=0X0F;
  84   3                 switch(GPIO_KEY) 
  85   3                   { case(0X07): KeyValue=0;break;
  86   4                     case(0X0b): KeyValue=1;break; 
  87   4                     case(0X0d): KeyValue=2;break; 
  88   4                     case(0X0e): KeyValue=3;break; }
  89   3           GPIO_KEY=0XF0;
  90   3         switch(GPIO_KEY) 
  91   3          { case(0X70): KeyValue=KeyValue;break; 
  92   4            case(0Xb0): KeyValue=KeyValue+4;break; 
  93   4            case(0Xd0): KeyValue=KeyValue+8;break;
  94   4            case(0Xe0): KeyValue=KeyValue+12;break; }
  95   3          } 
  96   2         }
  97   1         
  98   1      while((i<50)&&(GPIO_KEY!=0xf0))
  99   1      { ;
 100   2        i++;
 101   2        }
 102   1      }
 103          void panduan()
 104          {if(a>=10){a-=10;b++;}
 105   1      {if(b>=10){b-=10;c++;}
 106   2      {if(a<=0){a=0;}
 107   3      {if(c>=10){c-=10;d++;}
 108   4      
 109   4      {if(d>=10){d-=10;}
 110   5      }
 111   4      }
 112   3      }
 113   2      }
 114   1      }
 115              
 116          void main() 
 117          { while(1) 
C51 COMPILER V9.54   SMG                                                                   04/03/2022 19:31:05 PAGE 3   

 118   1       { KeyDown(); 
 119   2         smgplay();
 120   2         keypros(); 
 121   2         panduan();
 122   2       } 
 123   1      
 124   1      }
 125          
 126          
 127          
 128          
 129          
 130          
 131          
 132          
 133          
 134          


MODULE INFORMATION:   STATIC OVERLAYABLE
   CODE SIZE        =    518    ----
   CONSTANT SIZE    =     17    ----
   XDATA SIZE       =   ----    ----
   PDATA SIZE       =   ----    ----
   DATA SIZE        =     10       1
   IDATA SIZE       =   ----    ----
   BIT SIZE         =   ----    ----
END OF MODULE INFORMATION.


C51 COMPILATION COMPLETE.  0 WARNING(S),  0 ERROR(S)
